

*******************************************************************************
Fri Feb 20 15:32:13 2026


FIT:    data read from "qs-vs-hs.Msteps" using 1:2
        format = x:z
        #datapoints = 6
        residuals are weighted equally (unit weight)

function used for fitting: y_qs(x)
	y_qs(x) = a1*x*log(x) + b1*x + c1
fitted parameters initialized with current variable values

iter      chisq       delta/lim  lambda   a1            b1            c1           
   0 3.1413552639e+14   0.00e+00  3.90e+06    1.000000e+00   1.000000e+00   1.000000e+00
  11 9.8090091154e-04  -3.76e-10  3.90e+02    1.566725e-06   3.470885e-07  -2.356410e-02

After 11 iterations the fit converged.
final sum of squares of residuals : 0.000980901
rel. change during last iteration : -3.75806e-15

degrees of freedom    (FIT_NDF)                        : 3
rms of residuals      (FIT_STDFIT) = sqrt(WSSR/ndf)    : 0.0180822
variance of residuals (reduced chisquare) = WSSR/ndf   : 0.000326967

Final set of parameters            Asymptotic Standard Error
=======================            ==========================
a1              = 1.56672e-06      +/- 6.046e-08    (3.859%)
b1              = 3.47089e-07      +/- 8.47e-07     (244%)
c1              = -0.0235641       +/- 0.01904      (80.81%)

correlation matrix of the fit parameters:
                a1     b1     c1     
a1              1.000 
b1             -1.000  1.000 
c1              0.842 -0.851  1.000 


*******************************************************************************
Fri Feb 20 15:32:13 2026


FIT:    data read from "qs-vs-hs.Msteps" using 1:3
        format = x:z
        #datapoints = 6
        residuals are weighted equally (unit weight)

function used for fitting: y_hs(x)
	y_hs(x) = a2*x*log(x) + b2*x + c2
fitted parameters initialized with current variable values

iter      chisq       delta/lim  lambda   a2            b2            c2           
   0 3.1413562933e+14   0.00e+00  3.90e+06    1.000000e+00   1.000000e+00   1.000000e+00
  11 2.9001901764e-08  -4.66e-05  3.90e-05    1.442313e-06  -3.873202e-07   1.858974e-04

After 11 iterations the fit converged.
final sum of squares of residuals : 2.90019e-08
rel. change during last iteration : -4.65683e-10

degrees of freedom    (FIT_NDF)                        : 3
rms of residuals      (FIT_STDFIT) = sqrt(WSSR/ndf)    : 9.83224e-05
variance of residuals (reduced chisquare) = WSSR/ndf   : 9.6673e-09

Final set of parameters            Asymptotic Standard Error
=======================            ==========================
a2              = 1.44231e-06      +/- 3.287e-10    (0.02279%)
b2              = -3.8732e-07      +/- 4.606e-09    (1.189%)
c2              = 0.000185897      +/- 0.0001035    (55.7%)

correlation matrix of the fit parameters:
                a2     b2     c2     
a2              1.000 
b2             -1.000  1.000 
c2              0.842 -0.851  1.000 


*******************************************************************************
Fri Feb 20 15:32:13 2026


FIT:    data read from "qs-vs-hs.Msteps" using 1:4
        format = x:z
        #datapoints = 6
        residuals are weighted equally (unit weight)

function used for fitting: y_qs_s(x)
	y_qs_s(x) = a3*x*log(x) + b3*x + c3
fitted parameters initialized with current variable values

iter      chisq       delta/lim  lambda   a3            b3            c3           
   0 3.1413567683e+14   0.00e+00  3.90e+06    1.000000e+00   1.000000e+00   1.000000e+00
  11 4.1263361532e-07  -3.21e-06  3.90e-05    1.442843e-06  -1.501583e-06  -1.858974e-04

After 11 iterations the fit converged.
final sum of squares of residuals : 4.12634e-07
rel. change during last iteration : -3.20538e-11

degrees of freedom    (FIT_NDF)                        : 3
rms of residuals      (FIT_STDFIT) = sqrt(WSSR/ndf)    : 0.00037087
variance of residuals (reduced chisquare) = WSSR/ndf   : 1.37545e-07

Final set of parameters            Asymptotic Standard Error
=======================            ==========================
a3              = 1.44284e-06      +/- 1.24e-09     (0.08594%)
b3              = -1.50158e-06     +/- 1.737e-08    (1.157%)
c3              = -0.000185897     +/- 0.0003906    (210.1%)

correlation matrix of the fit parameters:
                a3     b3     c3     
a3              1.000 
b3             -1.000  1.000 
c3              0.842 -0.851  1.000 


*******************************************************************************
Fri Feb 20 15:32:13 2026


FIT:    data read from "qs-vs-hs.Msteps" using 1:5
        format = x:z
        #datapoints = 6
        residuals are weighted equally (unit weight)

function used for fitting: y_hs_s(x)
	y_hs_s(x) = a4*x*log(x) + b4*x + c4
fitted parameters initialized with current variable values

iter      chisq       delta/lim  lambda   a4            b4            c4           
   0 3.1413559865e+14   0.00e+00  3.90e+06    1.000000e+00   1.000000e+00   1.000000e+00
  11 5.4165258378e-04  -3.46e-09  3.90e-02    1.535985e-06  -9.728649e-07   1.657051e-02

After 11 iterations the fit converged.
final sum of squares of residuals : 0.000541653
rel. change during last iteration : -3.46286e-14

degrees of freedom    (FIT_NDF)                        : 3
rms of residuals      (FIT_STDFIT) = sqrt(WSSR/ndf)    : 0.0134369
variance of residuals (reduced chisquare) = WSSR/ndf   : 0.000180551

Final set of parameters            Asymptotic Standard Error
=======================            ==========================
a4              = 1.53599e-06      +/- 4.493e-08    (2.925%)
b4              = -9.72865e-07     +/- 6.294e-07    (64.7%)
c4              = 0.0165705        +/- 0.01415      (85.39%)

correlation matrix of the fit parameters:
                a4     b4     c4     
a4              1.000 
b4             -1.000  1.000 
c4              0.842 -0.851  1.000 


*******************************************************************************
Fri Feb 20 15:32:13 2026


FIT:    data read from "qs-vs-hs.Msteps" using 1:6
        format = x:z
        #datapoints = 6
        residuals are weighted equally (unit weight)

function used for fitting: y_qs_r(x)
	y_qs_r(x) = a5*x*log(x) + b5*x + c5
fitted parameters initialized with current variable values

iter      chisq       delta/lim  lambda   a5            b5            c5           
   0 3.1413569830e+14   0.00e+00  3.90e+06    1.000000e+00   1.000000e+00   1.000000e+00
  11 3.2816906027e-07  -4.11e-06  3.90e-05    1.442943e-06  -2.003926e-06   1.987179e-04

After 11 iterations the fit converged.
final sum of squares of residuals : 3.28169e-07
rel. change during last iteration : -4.10754e-11

degrees of freedom    (FIT_NDF)                        : 3
rms of residuals      (FIT_STDFIT) = sqrt(WSSR/ndf)    : 0.000330741
variance of residuals (reduced chisquare) = WSSR/ndf   : 1.0939e-07

Final set of parameters            Asymptotic Standard Error
=======================            ==========================
a5              = 1.44294e-06      +/- 1.106e-09    (0.07664%)
b5              = -2.00393e-06     +/- 1.549e-08    (0.7731%)
c5              = 0.000198718      +/- 0.0003483    (175.3%)

correlation matrix of the fit parameters:
                a5     b5     c5     
a5              1.000 
b5             -1.000  1.000 
c5              0.842 -0.851  1.000 


*******************************************************************************
Fri Feb 20 15:32:13 2026


FIT:    data read from "qs-vs-hs.Msteps" using 1:7
        format = x:z
        #datapoints = 6
        residuals are weighted equally (unit weight)

function used for fitting: y_hs_r(x)
	y_hs_r(x) = a6*x*log(x) + b6*x + c6
fitted parameters initialized with current variable values

iter      chisq       delta/lim  lambda   a6            b6            c6           
   0 3.1413565988e+14   0.00e+00  3.90e+06    1.000000e+00   1.000000e+00   1.000000e+00
  11 4.4236212211e-05  -3.34e-08  3.90e-05    1.467158e-06  -1.441377e-06   2.205128e-03

After 11 iterations the fit converged.
final sum of squares of residuals : 4.42362e-05
rel. change during last iteration : -3.3394e-13

degrees of freedom    (FIT_NDF)                        : 3
rms of residuals      (FIT_STDFIT) = sqrt(WSSR/ndf)    : 0.00383997
variance of residuals (reduced chisquare) = WSSR/ndf   : 1.47454e-05

Final set of parameters            Asymptotic Standard Error
=======================            ==========================
a6              = 1.46716e-06      +/- 1.284e-08    (0.8751%)
b6              = -1.44138e-06     +/- 1.799e-07    (12.48%)
c6              = 0.00220513       +/- 0.004044     (183.4%)

correlation matrix of the fit parameters:
                a6     b6     c6     
a6              1.000 
b6             -1.000  1.000 
c6              0.842 -0.851  1.000 
